<?xml version="1.0" encoding="UTF-8"?>
<!-- Generated by org.testng.reporters.JUnitReportReporter -->
<testsuite hostname="yzl-PC" name="com.yhq.test.JsonUtilTest" tests="1" failures="0" timestamp="7 Mar 2017 09:22:10 GMT" time="0.137" errors="0">
  <testcase name="test" time="0.137" classname="com.yhq.test.JsonUtilTest"/>
</testsuite> <!-- com.yhq.test.JsonUtilTest -->
