<?xml version="1.0" encoding="UTF-8"?>
<!-- Generated by org.testng.reporters.JUnitReportReporter -->
<testsuite hostname="yzl-PC" name="com.yhq.fastjson.StudentTest" tests="3" failures="0" timestamp="2 Mar 2017 07:47:25 GMT" time="0.191" errors="0">
  <testcase name="f" time="0.006" classname="com.yhq.fastjson.StudentTest"/>
  <testcase name="strToTeacher" time="0.024" classname="com.yhq.fastjson.StudentTest"/>
  <testcase name="TestTeacher2" time="0.161" classname="com.yhq.fastjson.StudentTest"/>
</testsuite> <!-- com.yhq.fastjson.StudentTest -->
