<?xml version="1.0" encoding="UTF-8"?>
<!-- Generated by org.testng.reporters.JUnitReportReporter -->
<testsuite hostname="yzl-PC" name="com.yhq.test.ExcelWriterTest" tests="1" failures="0" timestamp="1 Apr 2017 07:26:28 GMT" time="0.496" errors="0">
  <testcase name="f" time="0.496" classname="com.yhq.test.ExcelWriterTest"/>
</testsuite> <!-- com.yhq.test.ExcelWriterTest -->
