<?xml version="1.0" encoding="UTF-8"?>
<!-- Generated by org.testng.reporters.JUnitReportReporter -->
<testsuite hostname="yzl-PC" name="com.yhq.test.ExcelTest" tests="1" failures="0" timestamp="27 Mar 2017 06:15:58 GMT" time="1.221" errors="0">
  <testcase name="f" time="1.221" classname="com.yhq.test.ExcelTest"/>
</testsuite> <!-- com.yhq.test.ExcelTest -->
