<?xml version="1.0" encoding="UTF-8"?>
<!-- Generated by org.testng.reporters.JUnitReportReporter -->
<testsuite hostname="yzl-PC" name="com.yhq.test.MyHttpsConnectionTest" tests="1" failures="0" timestamp="1 Mar 2017 06:41:13 GMT" time="2.003" errors="0">
  <testcase name="test" time="2.003" classname="com.yhq.test.MyHttpsConnectionTest"/>
</testsuite> <!-- com.yhq.test.MyHttpsConnectionTest -->
