<?xml version="1.0" encoding="UTF-8"?>
<!-- Generated by org.testng.reporters.JUnitReportReporter -->
<testsuite hostname="yzl-PC" name="com.yhq.testcases.NewTest" tests="1" failures="0" timestamp="1 Apr 2017 03:04:35 GMT" time="213.598" errors="0">
  <testcase name="begin" time="213.598" classname="com.yhq.testcases.NewTest"/>
</testsuite> <!-- com.yhq.testcases.NewTest -->
